<?xml version="1.0" encoding="UTF-8"?>
<!-- Generated by org.testng.reporters.JUnitReportReporter -->
<testsuite hostname="USL05883" name="org.pytorch.serve.util.ConfigManagerTest" tests="2" failures="0" timestamp="22 Nov 2019 14:57:36 GMT" time="0.314" errors="0">
  <testcase name="testNoEnvVars" time="0.013" classname="org.pytorch.serve.util.ConfigManagerTest"/>
  <testcase name="test" time="0.301" classname="org.pytorch.serve.util.ConfigManagerTest"/>
</testsuite> <!-- org.pytorch.serve.util.ConfigManagerTest -->
