<?xml version="1.0" encoding="UTF-8"?>
<!-- Generated by org.testng.reporters.JUnitReportReporter -->
<testsuite hostname="USL05883" name="org.pytorch.serve.CoverageTest" tests="1" failures="0" timestamp="22 Nov 2019 14:57:36 GMT" time="0.076" errors="0">
  <testcase name="test" time="0.076" classname="org.pytorch.serve.CoverageTest"/>
</testsuite> <!-- org.pytorch.serve.CoverageTest -->
