<?xml version="1.0" encoding="UTF-8"?>
<!-- Generated by org.testng.reporters.JUnitReportReporter -->
<testsuite hostname="USL05883" name="org.pytorch.serve.ModelServerTest" tests="1" failures="0" timestamp="22 Nov 2019 14:57:36 GMT" time="35.668" errors="0">
  <testcase name="test" time="35.668" classname="org.pytorch.serve.ModelServerTest"/>
</testsuite> <!-- org.pytorch.serve.ModelServerTest -->
